{
  "stats": {
    "suites": 1,
    "tests": 1,
    "passes": 0,
    "pending": 0,
    "failures": 1,
    "start": "2023-05-03T19:43:04.833Z",
    "end": "2023-05-03T19:43:15.518Z",
    "duration": 10685,
    "testsRegistered": 1,
    "passPercent": 0,
    "pendingPercent": 0,
    "other": 0,
    "hasOther": false,
    "skipped": 0,
    "hasSkipped": false
  },
  "results": [
    {
      "uuid": "0a64cf06-69e2-48e3-9a84-16e8b4381a06",
      "title": "",
      "fullFile": "D:\\FrontEnd\\Practice projects\\e-commerce automation\\test\\order.js",
      "file": "\\test\\order.js",
      "beforeHooks": [],
      "afterHooks": [],
      "tests": [],
      "suites": [
        {
          "uuid": "4a091b08-ce1a-4c11-9bda-b01b5b92c2ce",
          "title": "task for go phptravels",
          "fullFile": "D:\\FrontEnd\\Practice projects\\e-commerce automation\\test\\order.js",
          "file": "\\test\\order.js",
          "beforeHooks": [],
          "afterHooks": [],
          "tests": [
            {
              "title": "successful",
              "fullTitle": "task for go phptravels successful",
              "timedOut": false,
              "duration": 10677,
              "state": "failed",
              "speed": null,
              "pass": false,
              "fail": true,
              "pending": false,
              "context": null,
              "code": "//create driver\n// Set up the Selenium driver\nconst driver = await new Builder().forBrowser(\"chrome\").build();\n// Navigate to the webpage\ndriver.get(\"https://www.graze.com/uk/\");\nawait driver.manage().window().maximize();\nawait driver\n  .findElement(\n    By.className(\"button button--primary signup-button text-center\")\n  )\n  .click();\nconst boxes = await driver.findElements(\n  By.className(\"button button--secondary button--block\")\n);\nawait boxes[1].click();\n\n//filling first data page with info\nconst firstName = await driver.findElement(By.id(\"firstName\"));\nconst secondName = await driver.findElement(By.id(\"lastName\"));\nconst email = await driver.findElement(By.id(\"email\"));\nconst password = await driver.findElement(By.id(\"password\"));\nawait driver.findElement(By.id(\"submit-button\")).click();\ndriver.wait(until.stalenessOf(boxes[1]));\n// Find all  elements with the \"help-block\" class\nconst helpBlockElements = await driver.findElements(By.css(\"small\"));\n\n\n\n\n\n// Get the second <small> element and output its text content\nconst firstHelpBlockElement = helpBlockElements[0];\n//getting error text for first name\nconst firstHelpBlockText = await firstHelpBlockElement.getAttribute(\n  \"innerText\"\n);\nconsole.log(`firstHelpBlockText`, firstHelpBlockText);\nconst secondHelpBlockElement = helpBlockElements[1];\n//getting error text for first name\nconst secondHelpBlockText = await secondHelpBlockElement.getAttribute(\n  \"innerText\"\n);\nconsole.log(`secondHelpBlockText`, secondHelpBlockText);\nconst thirdHelpBlockElement = helpBlockElements[2];\n//getting error text for first name\nconst thirdHelpBlockText = await thirdHelpBlockElement.getAttribute(\n  \"innerText\"\n);\nconsole.log(`thirdHelpBlockText`, thirdHelpBlockText);\n// // Check if the text matches the expected value\n//first name field error\nconst firstNameHelpBlockExpected = \"first name is required\";\nexpect(firstHelpBlockText).to.equal(firstNameHelpBlockExpected);\n//second name field error\nconst secondNameHelpBlockExpected = \"last name is required\";\nexpect(secondHelpBlockText).to.equal(secondNameHelpBlockExpected);\n//email field error\nconst thirdNameHelpBlockExpected = \"This field is required\";\nexpect(thirdHelpBlockText).to.equal(thirdNameHelpBlockExpected);\n//password field error\n// const secondNameHelpBlockExpected = \"This field is required\";\n// expect(secondHelpBlockText).to.equal(secondNameHelpBlockExpected);\n// await firstName.sendKeys(\"Denis\");\n// await secondName.sendKeys(\"Poplavskii\");\n// await email.sendKeys(\"mymail@gmail.com\");\n// await password.sendKeys(\"easy1357$\");\n// setTimeout(async function () {\n//   await driver.quit();\n// }, 5000);",
              "err": {
                "message": "AssertionError: expected '' to equal 'This field is required'",
                "estack": "AssertionError: expected '' to equal 'This field is required'\n    at Context.<anonymous> (test\\order.js:156:35)\n    at process.processTicksAndRejections (node:internal/process/task_queues:95:5)",
                "diff": "+ This field is required\n"
              },
              "uuid": "f19e0286-13d6-4469-a59f-0c4fdf1c3333",
              "parentUUID": "4a091b08-ce1a-4c11-9bda-b01b5b92c2ce",
              "isHook": false,
              "skipped": false
            }
          ],
          "suites": [],
          "passes": [],
          "failures": [
            "f19e0286-13d6-4469-a59f-0c4fdf1c3333"
          ],
          "pending": [],
          "skipped": [],
          "duration": 10677,
          "root": false,
          "rootEmpty": false,
          "_timeout": 0
        }
      ],
      "passes": [],
      "failures": [],
      "pending": [],
      "skipped": [],
      "duration": 0,
      "root": true,
      "rootEmpty": true,
      "_timeout": 0
    }
  ],
  "meta": {
    "mocha": {
      "version": "10.2.0"
    },
    "mochawesome": {
      "options": {
        "quiet": false,
        "reportFilename": "mochawesome",
        "saveHtml": true,
        "saveJson": true,
        "consoleReporter": "spec",
        "useInlineDiffs": false,
        "code": true
      },
      "version": "7.1.3"
    },
    "marge": {
      "options": null,
      "version": "6.2.0"
    }
  }
}