{
  "stats": {
    "suites": 1,
    "tests": 1,
    "passes": 1,
    "pending": 0,
    "failures": 0,
    "start": "2023-05-07T15:12:35.392Z",
    "end": "2023-05-07T15:12:47.442Z",
    "duration": 12050,
    "testsRegistered": 1,
    "passPercent": 100,
    "pendingPercent": 0,
    "other": 0,
    "hasOther": false,
    "skipped": 0,
    "hasSkipped": false
  },
  "results": [
    {
      "uuid": "4d1d5414-d891-43b1-93f0-cca7b97dbada",
      "title": "",
      "fullFile": "D:\\FrontEnd\\Practice projects\\e-commerce automation\\test\\order.js",
      "file": "\\test\\order.js",
      "beforeHooks": [],
      "afterHooks": [],
      "tests": [],
      "suites": [
        {
          "uuid": "1c188197-387d-478e-92d9-0d4d68e8b7f2",
          "title": "task for go phptravels",
          "fullFile": "D:\\FrontEnd\\Practice projects\\e-commerce automation\\test\\order.js",
          "file": "\\test\\order.js",
          "beforeHooks": [],
          "afterHooks": [],
          "tests": [
            {
              "title": "falsy form fields",
              "fullTitle": "task for go phptravels falsy form fields",
              "timedOut": false,
              "duration": 12043,
              "state": "passed",
              "speed": "slow",
              "pass": true,
              "fail": false,
              "pending": false,
              "context": null,
              "code": "//create driver\n// Set up the Selenium driver\nconst driver = await new Builder().forBrowser(\"chrome\").build();\n// Navigate to the webpage\ndriver.get(\"https://www.graze.com/uk/\");\nawait driver.manage().window().maximize();\nawait driver\n  .findElement(\n    By.className(\"button button--primary signup-button text-center\")\n  )\n  .click();\nconst boxes = await driver.findElements(\n  By.className(\"button button--secondary button--block\")\n);\nawait boxes[1].click();\n//filling first data page with info\nconst firstName = await driver.findElement(By.id(\"firstName\"));\nconst secondName = await driver.findElement(By.id(\"lastName\"));\nconst email = await driver.findElement(By.id(\"email\"));\nconst password = await driver.findElement(By.id(\"password\"));\nawait driver.findElement(By.id(\"submit-button\")).click();\n//waiting for page to reload because button triggers page refresh and error elements are not present before that\nawait driver.wait(\n  until.stalenessOf(driver.findElement(By.tagName(\"html\")))\n);\n// Find all  elements with the \"help-block\" class\nconst helpBlockElements = await driver.findElements(By.css(\"small\"));\n// Get the second <small> element and output its text content\nconst firstHelpBlockElement = helpBlockElements[0];\n//getting error text for first name\nconst firstHelpBlockText = await firstHelpBlockElement.getAttribute(\n  \"innerText\"\n);\nconsole.log(`firstHelpBlockText`, firstHelpBlockText);\nconst secondHelpBlockElement = helpBlockElements[2];\n//getting error text for second name\nconst secondHelpBlockText = await secondHelpBlockElement.getAttribute(\n  \"innerText\"\n);\nconsole.log(`secondHelpBlockText`, secondHelpBlockText);\nconst emailHelpBlockElement = helpBlockElements[5];\n//getting error text for email\nconst emailHelpBlockText = await emailHelpBlockElement.getAttribute(\n  \"innerText\"\n);\nconsole.log(`emailHelpBlockText1`, emailHelpBlockText);\nconst passwordHelpBlockElement = helpBlockElements[8];\n//getting error text for password\nconst passwordHelpBlockText = await passwordHelpBlockElement.getAttribute(\n  \"innerText\"\n);\nconsole.log(`passwordHelpBlockText1`, passwordHelpBlockText);\n// // Check if the text matches the expected value\n//first name field error\nconst firstNameHelpBlockExpected = \"first name is required\";\ntry {\n  expect(firstHelpBlockText).to.equal(firstNameHelpBlockExpected);\n} catch (error) {\n  console.error(\"Assertion failed:\", error);\n}\n//second name field error\nconst secondNameHelpBlockExpected = \"last name is required\";\ntry {\n  expect(secondHelpBlockText).to.equal(secondNameHelpBlockExpected);\n} catch (error) {\n  console.error(\"Assertion failed:\", error);\n}\nconst emailHelpBlockExpected = \"This field is required\";\ntry {\n  expect(emailHelpBlockText).to.equal(emailHelpBlockExpected);\n} catch (error) {\n  console.error(\"Assertion failed:\", error);\n}\nconst passwordHelpBlockExpected = \"This field is required\";\ntry {\n  expect(passwordHelpBlockText).to.equal(passwordHelpBlockExpected);\n} catch (error) {\n  console.error(\"Assertion failed:\", error);\n}\n//fill in correct first, last name but falsy email and password\nconst firstName1 = await driver.findElement(By.id(\"firstName\"));\nconst secondName1 = await driver.findElement(By.id(\"lastName\"));\nconst email1 = await driver.findElement(By.id(\"email\"));\nconst password1 = await driver.findElement(By.id(\"password\"));\nawait firstName1.sendKeys(\"Denis\");\nawait secondName1.sendKeys(\"Poplavskii\");\nawait email1.sendKeys(\"mymai@\");\n//click on the page to trigger error message to appear\nawait (await driver.findElement(By.className(\"container\"))).click();\n//getting sneaky element with Xpath\nawait driver.wait(until.elementLocated(By.xpath('//small[@class=\"help-block\" and @data-bv-validator=\"emailAddress\" and @data-bv-for=\"email\" and @data-bv-result=\"INVALID\"]')), 2000);\nconst emailValidationMessage = await driver.findElement(\n  By.xpath('//small[@class=\"help-block\" and @data-bv-validator=\"emailAddress\" and @data-bv-for=\"email\" and @data-bv-result=\"INVALID\"]')\n);\n\n// Get the text content of the element\nconst emailValidationStatusText = await emailValidationMessage.getText();\nconsole.log(\"emailValidationStatusText \",emailValidationStatusText );\nconst emailValidationStatusTextExpected = \"This does not appear to be a valid email address\";\ntry {\n  expect(emailValidationStatusText).to.equal(\n    emailValidationStatusTextExpected\n  );\n} catch (error) {\n  console.error(\"Assertion failed:\", error);\n}\n\nawait password1.sendKeys(\"12345\");\nconst submitButton1 = await driver.findElement(By.id(\"submit-button\"));\nconst submitButtonValidationStatus = await submitButton1.getAttribute(\n  \"disabled\"\n);\nconsole.log(`submitButtonValidationStatus`, submitButtonValidationStatus);\nconst submitButtonValidationStatusExpected = \"true\";\ntry {\n  expect(submitButtonValidationStatus).to.equal(\n    submitButtonValidationStatusExpected\n  );\n} catch (error) {\n  console.error(\"Assertion failed:\", error);\n}\n//filling also email,password field with valid data submit button should be enabled\nawait email1.sendKeys(\"hots.com\");\nawait password1.sendKeys(\"6\");\nconst submitButtonValidationStatus1 = await submitButton1.getAttribute(\n  \"disabled\"\n);\ntry {\n  expect(submitButtonValidationStatus1).to.equal(null);\n} catch (error) {\n  console.error(\"Assertion failed:\", error);\n}\nsetTimeout(async function () {\n  await driver.quit();\n}, 5000);",
              "err": {},
              "uuid": "c358b7dd-e7c9-4f0b-8da9-50d13dbef140",
              "parentUUID": "1c188197-387d-478e-92d9-0d4d68e8b7f2",
              "isHook": false,
              "skipped": false
            }
          ],
          "suites": [],
          "passes": [
            "c358b7dd-e7c9-4f0b-8da9-50d13dbef140"
          ],
          "failures": [],
          "pending": [],
          "skipped": [],
          "duration": 12043,
          "root": false,
          "rootEmpty": false,
          "_timeout": 0
        }
      ],
      "passes": [],
      "failures": [],
      "pending": [],
      "skipped": [],
      "duration": 0,
      "root": true,
      "rootEmpty": true,
      "_timeout": 0
    }
  ],
  "meta": {
    "mocha": {
      "version": "10.2.0"
    },
    "mochawesome": {
      "options": {
        "quiet": false,
        "reportFilename": "mochawesome",
        "saveHtml": true,
        "saveJson": true,
        "consoleReporter": "spec",
        "useInlineDiffs": false,
        "code": true
      },
      "version": "7.1.3"
    },
    "marge": {
      "options": null,
      "version": "6.2.0"
    }
  }
}