{
  "stats": {
    "suites": 1,
    "tests": 1,
    "passes": 1,
    "pending": 0,
    "failures": 0,
    "start": "2023-04-26T18:57:36.616Z",
    "end": "2023-04-26T18:57:54.260Z",
    "duration": 17644,
    "testsRegistered": 1,
    "passPercent": 100,
    "pendingPercent": 0,
    "other": 0,
    "hasOther": false,
    "skipped": 0,
    "hasSkipped": false
  },
  "results": [
    {
      "uuid": "7aee94ff-b3b0-46fe-b971-321fb0e4994e",
      "title": "",
      "fullFile": "D:\\FrontEnd\\Practice projects\\e-commerce automation\\test\\order.js",
      "file": "\\test\\order.js",
      "beforeHooks": [],
      "afterHooks": [],
      "tests": [],
      "suites": [
        {
          "uuid": "7d68d851-e0bd-4810-a639-f61ac735e9fe",
          "title": "task for go phptravels",
          "fullFile": "D:\\FrontEnd\\Practice projects\\e-commerce automation\\test\\order.js",
          "file": "\\test\\order.js",
          "beforeHooks": [],
          "afterHooks": [],
          "tests": [
            {
              "title": "automate all links",
              "fullTitle": "task for go phptravels automate all links",
              "timedOut": false,
              "duration": 17638,
              "state": "passed",
              "speed": "slow",
              "pass": true,
              "fail": false,
              "pending": false,
              "context": null,
              "code": "//create driver\n// Set up the Selenium driver\nconst driver = await new Builder().forBrowser(\"chrome\").build();\n// Navigate to the webpage\ndriver.get(\"https://www.graze.com/uk/\");\nawait driver.manage().window().maximize();\nawait driver\n  .findElement(\n    By.className(\"button button--primary signup-button text-center\")\n  )\n  .click();\nconst boxes = await driver.findElements(\n  By.className(\"button button--secondary button--block\")\n);\nawait boxes[1].click();\n//filling first data page with info\nconst firstName = await driver.findElement(By.id(\"firstName\"));\nawait firstName.sendKeys(\"Denis\");\nconst secondName = await driver.findElement(By.id(\"lastName\"));\nawait secondName.sendKeys(\"Poplavskii\");\nconst email = await driver.findElement(By.id(\"email\"));\nawait email.sendKeys(\"mymail@gmail.com\");\nconst password = await driver.findElement(By.id(\"password\"));\nawait password.sendKeys(\"easy1357$\");\nawait driver.findElement(By.id(\"submit-button\")).click();\n// Wait for the new page to load\nawait driver.wait(\n  until.urlContains(\"https://www.graze.com/uk/registration/address\"),\n  5000\n);\n//filling second data page\nconst streetAdress = await driver.findElement(By.id(\"line1\"));\nawait streetAdress.sendKeys(\"Rakowicka 12\");\nconst townName = await driver.findElement(By.id(\"town\"));\nawait townName.sendKeys(\"Cracow\");\nconst postcode = await driver.findElement(By.id(\"postcode\"));\nawait postcode.sendKeys(\"TW9 1EW\");\nawait driver.findElement(By.id(\"continue\")).click();\n//filling second data page\nawait driver.wait(\n  until.urlContains(\"https://www.graze.com/uk/registration/card-details\"),\n  5000\n);\nconst cardHolder = await driver.findElement(By.id(\"nameOnCard\"));\nawait cardHolder.sendKeys(\"Newyork Englishman\");\nconst cardNumber = await driver.findElement(By.id(\"number\"));\nawait cardNumber.sendKeys(\"4739\");\nawait cardNumber.sendKeys(\"6270\");\nawait cardNumber.sendKeys(\"4100\");\nawait cardNumber.sendKeys(\"7923\");\n\nconst cvc = await driver.findElement(By.id(\"cv2\"));\nawait cvc.sendKeys(\"127\");\nconst billingCode = await driver.findElement(By.id(\"billingPostcode\"));\nawait billingCode.sendKeys(\"TW9 1EW\");\nawait driver.findElement(By.id(\"submit-button\")).click();\nsetTimeout(async function () {\n  await driver.quit();\n}, 5000);",
              "err": {},
              "uuid": "4b6c7155-86e4-4d85-abd1-cfccb6b584e8",
              "parentUUID": "7d68d851-e0bd-4810-a639-f61ac735e9fe",
              "isHook": false,
              "skipped": false
            }
          ],
          "suites": [],
          "passes": [
            "4b6c7155-86e4-4d85-abd1-cfccb6b584e8"
          ],
          "failures": [],
          "pending": [],
          "skipped": [],
          "duration": 17638,
          "root": false,
          "rootEmpty": false,
          "_timeout": 0
        }
      ],
      "passes": [],
      "failures": [],
      "pending": [],
      "skipped": [],
      "duration": 0,
      "root": true,
      "rootEmpty": true,
      "_timeout": 0
    }
  ],
  "meta": {
    "mocha": {
      "version": "10.2.0"
    },
    "mochawesome": {
      "options": {
        "quiet": false,
        "reportFilename": "mochawesome",
        "saveHtml": true,
        "saveJson": true,
        "consoleReporter": "spec",
        "useInlineDiffs": false,
        "code": true
      },
      "version": "7.1.3"
    },
    "marge": {
      "options": null,
      "version": "6.2.0"
    }
  }
}